{"name": "Test 1: One-way booking with all passenger types - {browser}", "status": "failed", "statusDetails": {"message": "AssertionError: No se pudo seleccionar tarifa Basic\nassert False\n +  where False = select_fare_type('basic')\n +    where select_fare_type = <pages.flight_selection_page.FlightSelectionPage object at 0x0000017C9C9DA090>.select_fare_type", "trace": "tests\\test_case_1_one_way.py:203: in test_one_way_booking\n    basic_fare = driver.find_element(By.XPATH, \"//div[@aria-label='Click to select Basic fare']//div[contains(@class, 'fare_button_label')]\")\nvenv\\Lib\\site-packages\\selenium\\webdriver\\remote\\webdriver.py:740: in find_element\n    return self.execute(Command.FIND_ELEMENT, {\"using\": by, \"value\": value})[\"value\"]\nvenv\\Lib\\site-packages\\selenium\\webdriver\\remote\\webdriver.py:346: in execute\n    self.error_handler.check_response(response)\nvenv\\Lib\\site-packages\\selenium\\webdriver\\remote\\errorhandler.py:229: in check_response\n    raise exception_class(message, screen, stacktrace)\nE   selenium.common.exceptions.NoSuchElementException: Message: no such element: Unable to locate element: {\"method\":\"xpath\",\"selector\":\"//div[@aria-label='Click to select Basic fare']//div[contains(@class, 'fare_button_label')]\"}\nE     (Session info: chrome=142.0.7444.176); For documentation on this error, please visit: https://www.selenium.dev/documentation/webdriver/troubleshooting/errors#no-such-element-exception\nE   Stacktrace:\nE   Symbols not available. Dumping unresolved backtrace:\nE   \t0x7ff6ec86a235\nE   \t0x7ff6ec5c2630\nE   \t0x7ff6ec3516dd\nE   \t0x7ff6ec3aa27e\nE   \t0x7ff6ec3aa58c\nE   \t0x7ff6ec3fed77\nE   \t0x7ff6ec3fbaba\nE   \t0x7ff6ec39b0ed\nE   \t0x7ff6ec39bf63\nE   \t0x7ff6ec895d60\nE   \t0x7ff6ec88fe8a\nE   \t0x7ff6ec8b1005\nE   \t0x7ff6ec5dd71e\nE   \t0x7ff6ec5e4e1f\nE   \t0x7ff6ec5cb7c4\nE   \t0x7ff6ec5cb97f\nE   \t0x7ff6ec5b18e8\nE   \t0x7ffd4fe6e8d7\nE   \t0x7ffd50eac53c\n\nDuring handling of the above exception, another exception occurred:\ntests\\test_case_1_one_way.py:207: in test_one_way_booking\n    assert flight_page.select_fare_type(\"basic\"), \"No se pudo seleccionar tarifa Basic\"\nE   AssertionError: No se pudo seleccionar tarifa Basic\nE   assert False\nE    +  where False = select_fare_type('basic')\nE    +    where select_fare_type = <pages.flight_selection_page.FlightSelectionPage object at 0x0000017C9C9DA090>.select_fare_type"}, "description": "Complete one-way booking flow with basic fare and card payment - Following CSV steps", "steps": [{"name": "Tomar screenshot", "status": "passed", "steps": [{"name": "Tomar screenshot: 'test_start'", "status": "passed", "attachments": [{"name": "test_start", "source": "b4d1fa55-6955-4930-ae06-0d27fd014356-attachment.png", "type": "image/png"}], "parameters": [{"name": "screenshot_name", "value": "'test_start'"}], "start": 1764620725032, "stop": 1764620725304}], "parameters": [{"name": "name", "value": "'test_start'"}], "start": 1764620725032, "stop": 1764620725304}, {"name": "1. Open website", "status": "passed", "steps": [{"name": "Navegar a URL", "status": "passed", "steps": [{"name": "Esperar página cargada", "status": "passed", "parameters": [{"name": "timeout", "value": "20"}], "start": 1764620730469, "stop": 1764620731538}], "parameters": [{"name": "url", "value": "'https://nuxqa4.avtest.ink/'"}], "start": 1764620725306, "stop": 1764620731538}], "attachments": [{"name": "Browser Info", "source": "89a2f196-5594-483e-8b7e-89e7ca880505-attachment.txt", "type": "text/plain"}, {"name": "Test URL", "source": "e5aa2606-6097-4a2a-a85b-eef10ac89119-attachment.txt", "type": "text/plain"}], "start": 1764620725304, "stop": 1764620731557}, {"name": "2. Click on Español - Switch to English", "status": "passed", "start": 1764620731557, "stop": 1764620738448}, {"name": "3. Select One way", "status": "passed", "start": 1764620738448, "stop": 1764620739899}, {"name": "4. Configure destination", "status": "passed", "start": 1764620739899, "stop": 1764620742181}, {"name": "5. Enter MDE into Destination", "status": "passed", "start": 1764620742181, "stop": 1764620750602}, {"name": "6. Configure passengers - all types", "status": "passed", "start": 1764620750602, "stop": 1764620754573}, {"name": "7. Add passenger types", "status": "passed", "start": 1764620754573, "stop": 1764620759614}, {"name": "8. Confirm passenger selection", "status": "passed", "start": 1764620759614, "stop": 1764620765835}, {"name": "9. Search flights", "status": "passed", "start": 1764620765835, "stop": 1764620771627}, {"name": "10. Select fare", "status": "failed", "statusDetails": {"message": "AssertionError: No se pudo seleccionar tarifa Basic\nassert False\n +  where False = select_fare_type('basic')\n +    where select_fare_type = <pages.flight_selection_page.FlightSelectionPage object at 0x0000017C9C9DA090>.select_fare_type\n", "trace": "  File \"C:\\Users\\HernandoMorenoVargas\\Desktop\\avianca-selenium\\tests\\test_case_1_one_way.py\", line 207, in test_one_way_booking\n    assert flight_page.select_fare_type(\"basic\"), \"No se pudo seleccionar tarifa Basic\"\n"}, "steps": [{"name": "Esperar página cargada", "status": "passed", "parameters": [{"name": "timeout", "value": "20"}], "start": 1764620771627, "stop": 1764620772640}, {"name": "Seleccionar tarifa: 'basic'", "status": "passed", "steps": [{"name": "Click en: 'Tarifa basic'", "status": "passed", "steps": [{"name": "Tomar screenshot: 'before_click_Tarifa basic'", "status": "passed", "attachments": [{"name": "before_click_Tarifa basic", "source": "f0a353e7-ab29-46db-99a6-4a8597cda0d6-attachment.png", "type": "image/png"}], "parameters": [{"name": "screenshot_name", "value": "'before_click_Tarifa basic'"}], "start": 1764620786798, "stop": 1764620787125}, {"name": "Click con evidencias visuales en: 'Tarifa basic'", "status": "passed", "attachments": [{"name": "error_click_Tarifa basic", "source": "16cc2080-d6a7-4705-ae89-29007d93b13b-attachment.png", "type": "image/png"}], "parameters": [{"name": "locator", "value": "('xpath', \"//button[contains(@class, 'basic-fare') or contains(text(), 'Basic')]\")"}, {"name": "element_name", "value": "'Tarifa basic'"}], "start": 1764620787125, "stop": 1764620798455}, {"name": "Tomar screenshot: 'after_click_Tarifa basic'", "status": "passed", "attachments": [{"name": "after_click_Tarifa basic", "source": "591f3f36-4130-4467-8170-b860001dfb05-attachment.png", "type": "image/png"}], "parameters": [{"name": "screenshot_name", "value": "'after_click_Tarifa basic'"}], "start": 1764620798455, "stop": 1764620798701}], "parameters": [{"name": "locator", "value": "('xpath', \"//button[contains(@class, 'basic-fare') or contains(text(), 'Basic')]\")"}, {"name": "element_name", "value": "'Tarifa basic'"}], "start": 1764620786797, "stop": 1764620798701}], "parameters": [{"name": "fare_type", "value": "'basic'"}], "start": 1764620786796, "stop": 1764620798701}], "start": 1764620771627, "stop": 1764620798701}], "attachments": [{"name": "screenshot_on_failure", "source": "4bbd793c-d752-4689-9d05-5d080a5d828e-attachment.png", "type": "image/png"}, {"name": "log", "source": "1bf4b025-02d7-403a-bc88-214b5cb90d26-attachment.txt", "type": "text/plain"}, {"name": "stderr", "source": "bfe0c192-d0ed-4814-9133-334901328512-attachment.txt", "type": "text/plain"}], "parameters": [{"name": "driver", "value": "'chrome'"}], "start": 1764620725025, "stop": 1764620798766, "uuid": "4bd72b15-2c56-443c-8286-3cde860e35b7", "historyId": "4a035554f677a656d6d45641467e7a0c", "testCaseId": "c6f20e2ac1ace8afcaf2406311ab58b6", "fullName": "tests.test_case_1_one_way.TestCase1OneWay#test_one_way_booking", "labels": [{"name": "tag", "value": "one-way"}, {"name": "story", "value": "One-way Booking"}, {"name": "feature", "value": "Booking Flow"}, {"name": "tag", "value": "csv-steps"}, {"name": "epic", "value": "FLYR Automation Suite"}, {"name": "tag", "value": "complete-flow"}, {"name": "severity", "value": "critical"}, {"name": "tag", "value": "booking"}, {"name": "tag", "value": "regression"}, {"name": "tag", "value": "smoke"}, {"name": "tag", "value": "booking"}, {"name": "parentSuite", "value": "tests"}, {"name": "suite", "value": "test_case_1_one_way"}, {"name": "subSuite", "value": "TestCase1OneWay"}, {"name": "host", "value": "DESKTOP-EV7L0IC"}, {"name": "thread", "value": "34084-MainThread"}, {"name": "framework", "value": "pytest"}, {"name": "language", "value": "cpython3"}, {"name": "package", "value": "tests.test_case_1_one_way"}], "titlePath": ["tests", "test_case_1_one_way.py", "TestCase1OneWay"]}